<?xml version="1.0" encoding="UTF-8"?>
<testsuite name="com.bridgelabz.MyNodeTest" tests="1" skipped="0" failures="0" errors="0" timestamp="2021-06-10T03:14:36" hostname="DESKTOP-4IPP4FC" time="0.054">
  <properties/>
  <testcase name="given3Numbers_WhenDeletedLastNumberFromLinkedList_shouldBecome2_Numbers()" classname="com.bridgelabz.MyNodeTest" time="0.054"/>
  <system-out><![CDATA[]]></system-out>
  <system-err><![CDATA[]]></system-err>
</testsuite>
