<?xml version="1.0" encoding="UTF-8"?>
<testsuite name="com.bridgelabz.MyNodeTest" tests="1" skipped="0" failures="0" errors="0" timestamp="2021-06-10T04:15:26" hostname="DESKTOP-4IPP4FC" time="0.067">
  <properties/>
  <testcase name="given3Numbers_whenSearchAnyNumber_andInsert_inLinkedList()" classname="com.bridgelabz.MyNodeTest" time="0.067"/>
  <system-out><![CDATA[]]></system-out>
  <system-err><![CDATA[]]></system-err>
</testsuite>
