<?xml version="1.0" encoding="UTF-8"?>
<testsuite name="com.bridgelabz.MyNodeTest" tests="1" skipped="0" failures="0" errors="0" timestamp="2021-06-10T07:32:00" hostname="DESKTOP-4IPP4FC" time="0.043">
  <properties/>
  <testcase name="givenAllElements_GetSortedList()" classname="com.bridgelabz.MyNodeTest" time="0.043"/>
  <system-out><![CDATA[
Before Sorting: 
My Nodes: 56-->30-->40-->70

After Sorting: 
My Nodes: 30-->40-->56-->70
]]></system-out>
  <system-err><![CDATA[]]></system-err>
</testsuite>
