<?xml version="1.0" encoding="UTF-8"?>
<testsuite name="com.bridgelabz.MyNodeTest" tests="1" skipped="0" failures="0" errors="0" timestamp="2021-06-09T18:39:27" hostname="DESKTOP-4IPP4FC" time="0.646">
  <properties/>
  <testcase name="givenNumber_whenLinked_shouldReturnTrue()" classname="com.bridgelabz.MyNodeTest" time="0.646"/>
  <system-out><![CDATA[]]></system-out>
  <system-err><![CDATA[]]></system-err>
</testsuite>
