<?xml version="1.0" encoding="UTF-8"?>
<testsuite name="com.bridgelabz.MyNodeTest" tests="1" skipped="0" failures="0" errors="0" timestamp="2021-06-10T02:47:20" hostname="DESKTOP-4IPP4FC" time="0.046">
  <properties/>
  <testcase name="given3Numbers_WhenAppendedToLinkedList_should_BeAddedToLinkedList()" classname="com.bridgelabz.MyNodeTest" time="0.046"/>
  <system-out><![CDATA[My Nodes: 56-->30-->70
]]></system-out>
  <system-err><![CDATA[]]></system-err>
</testsuite>
