<?xml version="1.0" encoding="UTF-8"?>
<testsuite name="com.bridgelabz.MyNodeTest" tests="1" skipped="0" failures="0" errors="0" timestamp="2021-06-10T03:02:25" hostname="DESKTOP-4IPP4FC" time="0.05">
  <properties/>
  <testcase name="Given3Numbers_WhenDeleted_ToLinkedListShould_Become2_Numbers()" classname="com.bridgelabz.MyNodeTest" time="0.05"/>
  <system-out><![CDATA[My Nodes: 30-->70
]]></system-out>
  <system-err><![CDATA[]]></system-err>
</testsuite>
